Exception at PC 0x00007FF96F619159
Exception at PC 0x00007FF96F619159
Exception at PC 0x00007FF96F619159
Exception at PC 0x00007FF96F619159
Exception at PC 0x00007FF8E45BE132
Attemped to write at address 0x00007FF92B7B4AA4
Printing stacktrace...

[0]  [0x00007FF8E45BE132]
[1]  [0x00007FF8E45BE132]
[2]  [0x00007FF8E45BE194]
[3]  [0x00007FF8E420D0D7]
[4]  [0x00007FF8E40F2BCA]
[5]  [0x00007FF8E40F2FD1]
[6]  [0x00007FF8E45BEB2F]
[7]  [0x00007FF8E447C19D]
[8]  [0x00007FF8E4475942]
[9]  [0x00007FF8E4475AB5]
[10] (RtlAnsiStringToUnicodeString+0x297) [0x00007FF972B18F07]
[11] (LdrShutdownProcess+0x12c) [0x00007FF972B135BC]
[12] (RtlExitUserProcess+0xad) [0x00007FF972B36DBD]
[13] (ExitProcess+0xa) [0x00007FF9728DD62A]
[14] (exit+0x85) [0x00007FF9712DA2E5]
[15] (initterm_e+0x245) [0x00007FF9712DA955]
[16]  [0x00000000004014CD]
[17]  [0x000000000040151B]
[18] (BaseThreadInitThunk+0x14) [0x00007FF9728D7974]
[19] (RtlUserThreadStart+0x21) [0x00007FF972B3A261]
Done
