
*** Running vivado
    with args -log HALF_ADDER.vdi -applog -m64 -product Vivado -messageDb vivado.pb -mode batch -source HALF_ADDER.tcl -notrace


****** Vivado v2017.4 (64-bit)
  **** SW Build 2086221 on Fri Dec 15 20:55:39 MST 2017
  **** IP Build 2085800 on Fri Dec 15 22:25:07 MST 2017
    ** Copyright 1986-2017 Xilinx, Inc. All Rights Reserved.

source HALF_ADDER.tcl -notrace
Command: link_design -top HALF_ADDER -part xc7z020clg484-1
Design is defaulting to srcset: sources_1
Design is defaulting to constrset: constrs_1
INFO: [Netlist 29-17] Analyzing 2 Unisim elements for replacement
INFO: [Netlist 29-28] Unisim Transformation completed in 0 CPU seconds
INFO: [Project 1-479] Netlist was created with Vivado 2017.4
INFO: [Device 21-403] Loading part xc7z020clg484-1
INFO: [Project 1-570] Preparing netlist for logic optimization
Parsing XDC File [C:/Users/AEY/Google Drive/01_Github/_Software/_VHDL/A01_HALF_ADDER/A01_HALF_ADDER.srcs/constrs_1/new/half_adder_cons.xdc]
WARNING: [Vivado 12-584] No ports matched '[get_ports -of_objects [get_iobanks 34]]'. [C:/Users/AEY/Google Drive/01_Github/_Software/_VHDL/A01_HALF_ADDER/A01_HALF_ADDER.srcs/constrs_1/new/half_adder_cons.xdc:367]
CRITICAL WARNING: [Common 17-55] 'set_property' expects at least one object. [C:/Users/AEY/Google Drive/01_Github/_Software/_VHDL/A01_HALF_ADDER/A01_HALF_ADDER.srcs/constrs_1/new/half_adder_cons.xdc:367]
Resolution: If [get_<value>] was used to populate the object, check to make sure this command returns at least one valid object.
WARNING: [Vivado 12-584] No ports matched '[get_ports -of_objects [get_iobanks 13]]'. [C:/Users/AEY/Google Drive/01_Github/_Software/_VHDL/A01_HALF_ADDER/A01_HALF_ADDER.srcs/constrs_1/new/half_adder_cons.xdc:375]
CRITICAL WARNING: [Common 17-55] 'set_property' expects at least one object. [C:/Users/AEY/Google Drive/01_Github/_Software/_VHDL/A01_HALF_ADDER/A01_HALF_ADDER.srcs/constrs_1/new/half_adder_cons.xdc:375]
Resolution: If [get_<value>] was used to populate the object, check to make sure this command returns at least one valid object.
Finished Parsing XDC File [C:/Users/AEY/Google Drive/01_Github/_Software/_VHDL/A01_HALF_ADDER/A01_HALF_ADDER.srcs/constrs_1/new/half_adder_cons.xdc]
INFO: [Opt 31-138] Pushed 0 inverter(s) to 0 load pin(s).
INFO: [Project 1-111] Unisim Transformation Summary:
No Unisim elements were transformed.

7 Infos, 2 Warnings, 2 Critical Warnings and 0 Errors encountered.
link_design completed successfully
link_design: Time (s): cpu = 00:00:13 ; elapsed = 00:00:15 . Memory (MB): peak = 574.031 ; gain = 338.602
Command: opt_design
Attempting to get a license for feature 'Implementation' and/or device 'xc7z020'
INFO: [Common 17-349] Got license for feature 'Implementation' and/or device 'xc7z020'
Running DRC as a precondition to command opt_design

Starting DRC Task
INFO: [DRC 23-27] Running DRC with 2 threads
INFO: [Project 1-461] DRC finished with 0 Errors
INFO: [Project 1-462] Please refer to the DRC report (report_drc) for more information.

Time (s): cpu = 00:00:00 ; elapsed = 00:00:00.528 . Memory (MB): peak = 576.344 ; gain = 2.313
INFO: [Timing 38-35] Done setting XDC timing constraints.

Starting Logic Optimization Task

Phase 1 Retarget
INFO: [Opt 31-138] Pushed 0 inverter(s) to 0 load pin(s).
INFO: [Opt 31-49] Retargeted 0 cell(s).
Phase 1 Retarget | Checksum: 1dd1cdaed

Time (s): cpu = 00:00:00 ; elapsed = 00:00:00.028 . Memory (MB): peak = 1086.840 ; gain = 0.000
INFO: [Opt 31-389] Phase Retarget created 0 cells and removed 0 cells

Phase 2 Constant propagation
INFO: [Opt 31-138] Pushed 0 inverter(s) to 0 load pin(s).
Phase 2 Constant propagation | Checksum: 1dd1cdaed

Time (s): cpu = 00:00:00 ; elapsed = 00:00:00.032 . Memory (MB): peak = 1086.840 ; gain = 0.000
INFO: [Opt 31-389] Phase Constant propagation created 0 cells and removed 0 cells

Phase 3 Sweep
Phase 3 Sweep | Checksum: 1dd1cdaed

Time (s): cpu = 00:00:00 ; elapsed = 00:00:00.043 . Memory (MB): peak = 1086.840 ; gain = 0.000
INFO: [Opt 31-389] Phase Sweep created 0 cells and removed 0 cells

Phase 4 BUFG optimization
Phase 4 BUFG optimization | Checksum: 1dd1cdaed

Time (s): cpu = 00:00:00 ; elapsed = 00:00:00.053 . Memory (MB): peak = 1086.840 ; gain = 0.000
INFO: [Opt 31-389] Phase BUFG optimization created 0 cells and removed 0 cells

Phase 5 Shift Register Optimization
Phase 5 Shift Register Optimization | Checksum: 1dd1cdaed

Time (s): cpu = 00:00:00 ; elapsed = 00:00:00.055 . Memory (MB): peak = 1086.840 ; gain = 0.000
INFO: [Opt 31-389] Phase Shift Register Optimization created 0 cells and removed 0 cells

Starting Connectivity Check Task

Time (s): cpu = 00:00:00 ; elapsed = 00:00:00.002 . Memory (MB): peak = 1086.840 ; gain = 0.000
Ending Logic Optimization Task | Checksum: 1dd1cdaed

Time (s): cpu = 00:00:00 ; elapsed = 00:00:00.059 . Memory (MB): peak = 1086.840 ; gain = 0.000

Starting Power Optimization Task
INFO: [Pwropt 34-132] Skipping clock gating for clocks with a period < 2.00 ns.
Ending Power Optimization Task | Checksum: 1dd1cdaed

Time (s): cpu = 00:00:00 ; elapsed = 00:00:00.034 . Memory (MB): peak = 1086.840 ; gain = 0.000
INFO: [Common 17-83] Releasing license: Implementation
22 Infos, 2 Warnings, 2 Critical Warnings and 0 Errors encountered.
opt_design completed successfully
opt_design: Time (s): cpu = 00:00:18 ; elapsed = 00:00:21 . Memory (MB): peak = 1086.840 ; gain = 512.809
Writing placer database...
Writing XDEF routing.
Writing XDEF routing logical nets.
Writing XDEF routing special nets.
Write XDEF Complete: Time (s): cpu = 00:00:01 ; elapsed = 00:00:00.113 . Memory (MB): peak = 1086.840 ; gain = 0.000
INFO: [Common 17-1381] The checkpoint 'C:/Users/AEY/Google Drive/01_Github/_Software/_VHDL/A01_HALF_ADDER/A01_HALF_ADDER.runs/impl_1/HALF_ADDER_opt.dcp' has been generated.
INFO: [runtcl-4] Executing : report_drc -file HALF_ADDER_drc_opted.rpt -pb HALF_ADDER_drc_opted.pb -rpx HALF_ADDER_drc_opted.rpx
Command: report_drc -file HALF_ADDER_drc_opted.rpt -pb HALF_ADDER_drc_opted.pb -rpx HALF_ADDER_drc_opted.rpx
INFO: [IP_Flow 19-234] Refreshing IP repositories
INFO: [IP_Flow 19-1704] No user IP repositories specified
INFO: [IP_Flow 19-2313] Loaded Vivado IP repository 'C:/Xilinx/Vivado/2017.4/data/ip'.
INFO: [DRC 23-27] Running DRC with 2 threads
INFO: [Coretcl 2-168] The results of DRC are in file C:/Users/AEY/Google Drive/01_Github/_Software/_VHDL/A01_HALF_ADDER/A01_HALF_ADDER.runs/impl_1/HALF_ADDER_drc_opted.rpt.
report_drc completed successfully
INFO: [Chipscope 16-241] No debug cores found in the current design.
Before running the implement_debug_core command, either use the Set Up Debug wizard (GUI mode)
or use the create_debug_core and connect_debug_core Tcl commands to insert debug cores into the design.
Command: place_design
Attempting to get a license for feature 'Implementation' and/or device 'xc7z020'
INFO: [Common 17-349] Got license for feature 'Implementation' and/or device 'xc7z020'
INFO: [DRC 23-27] Running DRC with 2 threads
INFO: [Vivado_Tcl 4-198] DRC finished with 0 Errors
INFO: [Vivado_Tcl 4-199] Please refer to the DRC report (report_drc) for more information.
Running DRC as a precondition to command place_design
INFO: [DRC 23-27] Running DRC with 2 threads
INFO: [Vivado_Tcl 4-198] DRC finished with 0 Errors
INFO: [Vivado_Tcl 4-199] Please refer to the DRC report (report_drc) for more information.

Starting Placer Task
INFO: [Place 30-611] Multithreading enabled for place_design using a maximum of 2 CPUs

Phase 1 Placer Initialization

Phase 1.1 Placer Initialization Netlist Sorting
Netlist sorting complete. Time (s): cpu = 00:00:00 ; elapsed = 00:00:00 . Memory (MB): peak = 1086.840 ; gain = 0.000
Phase 1.1 Placer Initialization Netlist Sorting | Checksum: 11f94f3a0

Time (s): cpu = 00:00:00 ; elapsed = 00:00:00.026 . Memory (MB): peak = 1086.840 ; gain = 0.000
Netlist sorting complete. Time (s): cpu = 00:00:00 ; elapsed = 00:00:00 . Memory (MB): peak = 1086.840 ; gain = 0.000

Phase 1.2 IO Placement/ Clock Placement/ Build Placer Device
INFO: [Timing 38-35] Done setting XDC timing constraints.
Phase 1.2 IO Placement/ Clock Placement/ Build Placer Device | Checksum: 11f94f3a0

Time (s): cpu = 00:00:01 ; elapsed = 00:00:00.960 . Memory (MB): peak = 1094.926 ; gain = 8.086

Phase 1.3 Build Placer Netlist Model
Phase 1.3 Build Placer Netlist Model | Checksum: 1c4075ce8

Time (s): cpu = 00:00:01 ; elapsed = 00:00:01 . Memory (MB): peak = 1094.926 ; gain = 8.086

Phase 1.4 Constrain Clocks/Macros
Phase 1.4 Constrain Clocks/Macros | Checksum: 1c4075ce8

Time (s): cpu = 00:00:01 ; elapsed = 00:00:01 . Memory (MB): peak = 1094.926 ; gain = 8.086
Phase 1 Placer Initialization | Checksum: 1c4075ce8

Time (s): cpu = 00:00:01 ; elapsed = 00:00:01 . Memory (MB): peak = 1094.926 ; gain = 8.086

Phase 2 Global Placement
Phase 2 Global Placement | Checksum: 16e2be7fc

Time (s): cpu = 00:00:02 ; elapsed = 00:00:02 . Memory (MB): peak = 1098.637 ; gain = 11.797

Phase 3 Detail Placement

Phase 3.1 Commit Multi Column Macros
Phase 3.1 Commit Multi Column Macros | Checksum: 16e2be7fc

Time (s): cpu = 00:00:02 ; elapsed = 00:00:02 . Memory (MB): peak = 1098.637 ; gain = 11.797

Phase 3.2 Commit Most Macros & LUTRAMs
Phase 3.2 Commit Most Macros & LUTRAMs | Checksum: 1807491ac

Time (s): cpu = 00:00:02 ; elapsed = 00:00:02 . Memory (MB): peak = 1098.637 ; gain = 11.797

Phase 3.3 Area Swap Optimization
Phase 3.3 Area Swap Optimization | Checksum: 1efbd9529

Time (s): cpu = 00:00:02 ; elapsed = 00:00:02 . Memory (MB): peak = 1098.637 ; gain = 11.797

Phase 3.4 Pipeline Register Optimization
Phase 3.4 Pipeline Register Optimization | Checksum: 1efbd9529

Time (s): cpu = 00:00:02 ; elapsed = 00:00:02 . Memory (MB): peak = 1098.637 ; gain = 11.797

Phase 3.5 Small Shape Detail Placement
Phase 3.5 Small Shape Detail Placement | Checksum: cf61bcbc

Time (s): cpu = 00:00:02 ; elapsed = 00:00:02 . Memory (MB): peak = 1102.371 ; gain = 15.531

Phase 3.6 Re-assign LUT pins
Phase 3.6 Re-assign LUT pins | Checksum: cf61bcbc

Time (s): cpu = 00:00:02 ; elapsed = 00:00:02 . Memory (MB): peak = 1102.371 ; gain = 15.531

Phase 3.7 Pipeline Register Optimization
Phase 3.7 Pipeline Register Optimization | Checksum: cf61bcbc

Time (s): cpu = 00:00:02 ; elapsed = 00:00:02 . Memory (MB): peak = 1102.371 ; gain = 15.531
Phase 3 Detail Placement | Checksum: cf61bcbc

Time (s): cpu = 00:00:02 ; elapsed = 00:00:02 . Memory (MB): peak = 1102.371 ; gain = 15.531

Phase 4 Post Placement Optimization and Clean-Up

Phase 4.1 Post Commit Optimization
Phase 4.1 Post Commit Optimization | Checksum: cf61bcbc

Time (s): cpu = 00:00:02 ; elapsed = 00:00:02 . Memory (MB): peak = 1102.371 ; gain = 15.531

Phase 4.2 Post Placement Cleanup
Phase 4.2 Post Placement Cleanup | Checksum: cf61bcbc

Time (s): cpu = 00:00:02 ; elapsed = 00:00:02 . Memory (MB): peak = 1102.371 ; gain = 15.531

Phase 4.3 Placer Reporting
Phase 4.3 Placer Reporting | Checksum: cf61bcbc

Time (s): cpu = 00:00:02 ; elapsed = 00:00:02 . Memory (MB): peak = 1102.371 ; gain = 15.531

Phase 4.4 Final Placement Cleanup
Phase 4.4 Final Placement Cleanup | Checksum: cf61bcbc

Time (s): cpu = 00:00:02 ; elapsed = 00:00:02 . Memory (MB): peak = 1102.371 ; gain = 15.531
Phase 4 Post Placement Optimization and Clean-Up | Checksum: cf61bcbc

Time (s): cpu = 00:00:02 ; elapsed = 00:00:02 . Memory (MB): peak = 1102.371 ; gain = 15.531
Ending Placer Task | Checksum: 9ae5de7f

Time (s): cpu = 00:00:02 ; elapsed = 00:00:02 . Memory (MB): peak = 1102.371 ; gain = 15.531
INFO: [Common 17-83] Releasing license: Implementation
40 Infos, 2 Warnings, 2 Critical Warnings and 0 Errors encountered.
place_design completed successfully
Writing placer database...
Writing XDEF routing.
Writing XDEF routing logical nets.
Writing XDEF routing special nets.
Write XDEF Complete: Time (s): cpu = 00:00:00 ; elapsed = 00:00:00.151 . Memory (MB): peak = 1102.371 ; gain = 0.000
INFO: [Common 17-1381] The checkpoint 'C:/Users/AEY/Google Drive/01_Github/_Software/_VHDL/A01_HALF_ADDER/A01_HALF_ADDER.runs/impl_1/HALF_ADDER_placed.dcp' has been generated.
INFO: [runtcl-4] Executing : report_io -file HALF_ADDER_io_placed.rpt
report_io: Time (s): cpu = 00:00:00 ; elapsed = 00:00:00.161 . Memory (MB): peak = 1105.059 ; gain = 2.688
INFO: [runtcl-4] Executing : report_utilization -file HALF_ADDER_utilization_placed.rpt -pb HALF_ADDER_utilization_placed.pb
report_utilization: Time (s): cpu = 00:00:01 ; elapsed = 00:00:00.122 . Memory (MB): peak = 1105.059 ; gain = 0.000
INFO: [runtcl-4] Executing : report_control_sets -verbose -file HALF_ADDER_control_sets_placed.rpt
report_control_sets: Time (s): cpu = 00:00:00 ; elapsed = 00:00:00.019 . Memory (MB): peak = 1105.059 ; gain = 0.000
Command: route_design
Attempting to get a license for feature 'Implementation' and/or device 'xc7z020'
INFO: [Common 17-349] Got license for feature 'Implementation' and/or device 'xc7z020'
Running DRC as a precondition to command route_design
INFO: [DRC 23-27] Running DRC with 2 threads
INFO: [Vivado_Tcl 4-198] DRC finished with 0 Errors
INFO: [Vivado_Tcl 4-199] Please refer to the DRC report (report_drc) for more information.


Starting Routing Task
INFO: [Route 35-254] Multithreading enabled for route_design using a maximum of 2 CPUs
Checksum: PlaceDB: 65ca503a ConstDB: 0 ShapeSum: 351b8e45 RouteDB: 0

Phase 1 Build RT Design
Phase 1 Build RT Design | Checksum: 19991ee3c

Time (s): cpu = 00:00:58 ; elapsed = 00:00:53 . Memory (MB): peak = 1250.227 ; gain = 144.477
Post Restoration Checksum: NetGraph: cabcd969 NumContArr: ced514d3 Constraints: 0 Timing: 0

Phase 2 Router Initialization
INFO: [Route 35-64] No timing constraints were detected. The router will operate in resource-optimization mode.

Phase 2.1 Fix Topology Constraints
Phase 2.1 Fix Topology Constraints | Checksum: 19991ee3c

Time (s): cpu = 00:00:58 ; elapsed = 00:00:53 . Memory (MB): peak = 1256.445 ; gain = 150.695

Phase 2.2 Pre Route Cleanup
Phase 2.2 Pre Route Cleanup | Checksum: 19991ee3c

Time (s): cpu = 00:00:58 ; elapsed = 00:00:53 . Memory (MB): peak = 1256.445 ; gain = 150.695
 Number of Nodes with overlaps = 0
Phase 2 Router Initialization | Checksum: ca0fa9fa

Time (s): cpu = 00:00:59 ; elapsed = 00:00:53 . Memory (MB): peak = 1260.445 ; gain = 154.695

Phase 3 Initial Routing
 Number of Nodes with overlaps = 0
Phase 3 Initial Routing | Checksum: cab99b43

Time (s): cpu = 00:00:59 ; elapsed = 00:00:53 . Memory (MB): peak = 1260.445 ; gain = 154.695

Phase 4 Rip-up And Reroute

Phase 4.1 Global Iteration 0
Phase 4.1 Global Iteration 0 | Checksum: cab99b43

Time (s): cpu = 00:00:59 ; elapsed = 00:00:53 . Memory (MB): peak = 1260.445 ; gain = 154.695
Phase 4 Rip-up And Reroute | Checksum: cab99b43

Time (s): cpu = 00:00:59 ; elapsed = 00:00:53 . Memory (MB): peak = 1260.445 ; gain = 154.695

Phase 5 Delay and Skew Optimization
Phase 5 Delay and Skew Optimization | Checksum: cab99b43

Time (s): cpu = 00:00:59 ; elapsed = 00:00:53 . Memory (MB): peak = 1260.445 ; gain = 154.695

Phase 6 Post Hold Fix

Phase 6.1 Hold Fix Iter
Phase 6.1 Hold Fix Iter | Checksum: cab99b43

Time (s): cpu = 00:00:59 ; elapsed = 00:00:53 . Memory (MB): peak = 1260.445 ; gain = 154.695
Phase 6 Post Hold Fix | Checksum: cab99b43

Time (s): cpu = 00:00:59 ; elapsed = 00:00:53 . Memory (MB): peak = 1260.445 ; gain = 154.695

Phase 7 Route finalize

Router Utilization Summary
  Global Vertical Routing Utilization    = 0.00569535 %
  Global Horizontal Routing Utilization  = 0.000845166 %
  Routable Net Status*
  *Does not include unroutable nets such as driverless and loadless.
  Run report_route_status for detailed report.
  Number of Failed Nets               = 0
  Number of Unrouted Nets             = 0
  Number of Partially Routed Nets     = 0
  Number of Node Overlaps             = 0

Utilization threshold used for congestion level computation: 0.85
Congestion Report
North Dir 1x1 Area, Max Cong = 9.00901%, No Congested Regions.
South Dir 1x1 Area, Max Cong = 0%, No Congested Regions.
East Dir 1x1 Area, Max Cong = 2.94118%, No Congested Regions.
West Dir 1x1 Area, Max Cong = 2.94118%, No Congested Regions.
Phase 7 Route finalize | Checksum: cab99b43

Time (s): cpu = 00:00:59 ; elapsed = 00:00:53 . Memory (MB): peak = 1260.445 ; gain = 154.695

Phase 8 Verifying routed nets

 Verification completed successfully
Phase 8 Verifying routed nets | Checksum: cab99b43

Time (s): cpu = 00:00:59 ; elapsed = 00:00:53 . Memory (MB): peak = 1262.750 ; gain = 157.000

Phase 9 Depositing Routes
Phase 9 Depositing Routes | Checksum: cab99b43

Time (s): cpu = 00:00:59 ; elapsed = 00:00:53 . Memory (MB): peak = 1262.750 ; gain = 157.000
INFO: [Route 35-16] Router Completed Successfully

Time (s): cpu = 00:00:59 ; elapsed = 00:00:53 . Memory (MB): peak = 1262.750 ; gain = 157.000

Routing Is Done.
INFO: [Common 17-83] Releasing license: Implementation
52 Infos, 2 Warnings, 2 Critical Warnings and 0 Errors encountered.
route_design completed successfully
route_design: Time (s): cpu = 00:01:00 ; elapsed = 00:00:54 . Memory (MB): peak = 1262.750 ; gain = 157.691
Writing placer database...
Writing XDEF routing.
Writing XDEF routing logical nets.
Writing XDEF routing special nets.
Write XDEF Complete: Time (s): cpu = 00:00:00 ; elapsed = 00:00:00.124 . Memory (MB): peak = 1262.750 ; gain = 0.000
INFO: [Common 17-1381] The checkpoint 'C:/Users/AEY/Google Drive/01_Github/_Software/_VHDL/A01_HALF_ADDER/A01_HALF_ADDER.runs/impl_1/HALF_ADDER_routed.dcp' has been generated.
INFO: [runtcl-4] Executing : report_drc -file HALF_ADDER_drc_routed.rpt -pb HALF_ADDER_drc_routed.pb -rpx HALF_ADDER_drc_routed.rpx
Command: report_drc -file HALF_ADDER_drc_routed.rpt -pb HALF_ADDER_drc_routed.pb -rpx HALF_ADDER_drc_routed.rpx
INFO: [IP_Flow 19-1839] IP Catalog is up to date.
INFO: [DRC 23-27] Running DRC with 2 threads
INFO: [Coretcl 2-168] The results of DRC are in file C:/Users/AEY/Google Drive/01_Github/_Software/_VHDL/A01_HALF_ADDER/A01_HALF_ADDER.runs/impl_1/HALF_ADDER_drc_routed.rpt.
report_drc completed successfully
INFO: [runtcl-4] Executing : report_methodology -file HALF_ADDER_methodology_drc_routed.rpt -pb HALF_ADDER_methodology_drc_routed.pb -rpx HALF_ADDER_methodology_drc_routed.rpx
Command: report_methodology -file HALF_ADDER_methodology_drc_routed.rpt -pb HALF_ADDER_methodology_drc_routed.pb -rpx HALF_ADDER_methodology_drc_routed.rpx
INFO: [Timing 38-35] Done setting XDC timing constraints.
INFO: [Timing 38-35] Done setting XDC timing constraints.
INFO: [DRC 23-133] Running Methodology with 2 threads
INFO: [Coretcl 2-1520] The results of Report Methodology are in file C:/Users/AEY/Google Drive/01_Github/_Software/_VHDL/A01_HALF_ADDER/A01_HALF_ADDER.runs/impl_1/HALF_ADDER_methodology_drc_routed.rpt.
report_methodology completed successfully
INFO: [runtcl-4] Executing : report_power -file HALF_ADDER_power_routed.rpt -pb HALF_ADDER_power_summary_routed.pb -rpx HALF_ADDER_power_routed.rpx
Command: report_power -file HALF_ADDER_power_routed.rpt -pb HALF_ADDER_power_summary_routed.pb -rpx HALF_ADDER_power_routed.rpx
WARNING: [Power 33-232] No user defined clocks were found in the design!
Resolution: Please specify clocks using create_clock/create_generated_clock for sequential elements. For pure combinatorial circuits, please specify a virtual clock, otherwise the vectorless estimation might be inaccurate
INFO: [Timing 38-35] Done setting XDC timing constraints.
Running Vector-less Activity Propagation...

Finished Running Vector-less Activity Propagation
64 Infos, 3 Warnings, 2 Critical Warnings and 0 Errors encountered.
report_power completed successfully
INFO: [runtcl-4] Executing : report_route_status -file HALF_ADDER_route_status.rpt -pb HALF_ADDER_route_status.pb
INFO: [runtcl-4] Executing : report_timing_summary -max_paths 10 -file HALF_ADDER_timing_summary_routed.rpt -rpx HALF_ADDER_timing_summary_routed.rpx -warn_on_violation 
INFO: [Timing 38-91] UpdateTimingParams: Speed grade: -1, Delay Type: min_max.
INFO: [Timing 38-191] Multithreading enabled for timing update using a maximum of 2 CPUs
WARNING: [Timing 38-313] There are no user specified timing constraints. Timing constraints are needed for proper timing analysis.
INFO: [runtcl-4] Executing : report_incremental_reuse -file HALF_ADDER_incremental_reuse_routed.rpt
INFO: [Vivado_Tcl 4-545] No incremental reuse to report, no incremental placement and routing data was found.
INFO: [runtcl-4] Executing : report_clock_utilization -file HALF_ADDER_clock_utilization_routed.rpt
Command: write_bitstream -force HALF_ADDER.bit -bin_file
Attempting to get a license for feature 'Implementation' and/or device 'xc7z020'
INFO: [Common 17-349] Got license for feature 'Implementation' and/or device 'xc7z020'
Running DRC as a precondition to command write_bitstream
INFO: [IP_Flow 19-1839] IP Catalog is up to date.
INFO: [DRC 23-27] Running DRC with 2 threads
WARNING: [DRC ZPS7-1] PS7 block required: The PS7 cell must be used in this Zynq design in order to enable correct default configuration.
INFO: [Vivado 12-3199] DRC finished with 0 Errors, 1 Warnings
INFO: [Vivado 12-3200] Please refer to the DRC report (report_drc) for more information.
INFO: [Project 1-821] Please set project.enableDesignId to be 'true'.
INFO: [Designutils 20-2272] Running write_bitstream with 2 threads.
Loading data files...
Loading site data...
Loading route data...
Processing options...
Creating bitmap...
Creating bitstream...
Writing bitstream ./HALF_ADDER.bit...
Writing bitstream ./HALF_ADDER.bin...
INFO: [Vivado 12-1842] Bitgen Completed Successfully.
INFO: [Project 1-120] WebTalk data collection is mandatory when using a WebPACK part without a full Vivado license. To see the specific WebTalk data collected for your design, open the usage_statistics_webtalk.html or usage_statistics_webtalk.xml file in the implementation directory.
EriŸim engellendi.
EriŸim engellendi.
INFO: [Common 17-83] Releasing license: Implementation
81 Infos, 5 Warnings, 2 Critical Warnings and 0 Errors encountered.
write_bitstream completed successfully
write_bitstream: Time (s): cpu = 00:00:28 ; elapsed = 00:00:28 . Memory (MB): peak = 1712.313 ; gain = 425.840
INFO: [Common 17-206] Exiting Vivado at Wed Aug  5 15:38:50 2020...
