#-----------------------------------------------------------
# Vivado v2017.4 (64-bit)
# SW Build 2086221 on Fri Dec 15 20:55:39 MST 2017
# IP Build 2085800 on Fri Dec 15 22:25:07 MST 2017
# Start of session at: Thu Aug  6 09:30:46 2020
# Process ID: 2688
# Current directory: C:/Users/AEY/Google Drive/01_Github/_Software/_VHDL/A01_HALF_ADDER
# Command line: vivado.exe -gui_launcher_event rodinguilauncherevent7456 C:\Users\AEY\Google Drive\01_Github\_Software\_VHDL\A01_HALF_ADDER\A01_HALF_ADDER.xpr
# Log file: C:/Users/AEY/Google Drive/01_Github/_Software/_VHDL/A01_HALF_ADDER/vivado.log
# Journal file: C:/Users/AEY/Google Drive/01_Github/_Software/_VHDL/A01_HALF_ADDER\vivado.jou
#-----------------------------------------------------------
start_guioopen_project {C:/Users/AEY/Google Drive/01_Github/_Software/_VHDL/A01_HALF_ADDER/A01_HALF_ADDER.xpr}
Scanning sources...
Finished scanning sources
INFO: [IP_Flow 19-234] Refreshing IP repositories
INFO: [IP_Flow 19-1704] No user IP repositories specified
INFO: [IP_Flow 19-2313] Loaded Vivado IP repository 'C:/Xilinx/Vivado/2017.4/data/ip'.
open_project: Time (s): cpu = 00:00:22 ; elapsed = 00:00:13 . Memory (MB): peak = 737.684 ; gain = 54.738
update_compile_order -fileset sources_1eexit
INFO: [Common 17-206] Exiting Vivado at Thu Aug  6 10:03:38 2020...
