#-----------------------------------------------------------
# Vivado v2017.4 (64-bit)
# SW Build 2086221 on Fri Dec 15 20:55:39 MST 2017
# IP Build 2085800 on Fri Dec 15 22:25:07 MST 2017
# Start of session at: Thu Aug  6 13:43:30 2020
# Process ID: 7028
# Current directory: C:/Users/AEY/Google Drive/01_Github/_Software/_VHDL/A03_LED
# Command line: vivado.exe -gui_launcher_event rodinguilauncherevent5540 C:\Users\AEY\Google Drive\01_Github\_Software\_VHDL\A03_LED\A03_LED.xpr
# Log file: C:/Users/AEY/Google Drive/01_Github/_Software/_VHDL/A03_LED/vivado.log
# Journal file: C:/Users/AEY/Google Drive/01_Github/_Software/_VHDL/A03_LED\vivado.jou
#-----------------------------------------------------------
start_gui
open_project {C:/Users/AEY/Google Drive/01_Github/_Software/_VHDL/A03_LED/A03_LED.xpr}
Scanning sources...
Finished scanning sources
INFO: [IP_Flow 19-234] Refreshing IP repositories
INFO: [IP_Flow 19-1704] No user IP repositories specified
INFO: [IP_Flow 19-2313] Loaded Vivado IP repository 'C:/Xilinx/Vivado/2017.4/data/ip'.
open_project: Time (s): cpu = 00:00:27 ; elapsed = 00:00:17 . Memory (MB): peak = 740.227 ; gain = 57.258
update_compile_order -fileset sources_1
exit
INFO: [Common 17-206] Exiting Vivado at Thu Aug  6 13:45:05 2020...
